<?xml version="1.0" encoding="UTF-8"?>
<!-- Generated by org.testng.reporters.JUnitXMLReporter -->
<testsuite ignored="0" hostname="DESKTOP-B50OUAN" failures="1" tests="1" name="LoginTests" time="6.888" errors="0" timestamp="2025-12-14T07:25:48 IST">
  <testcase classname="tests.LoginTest" name="testValidLogin" time="1.584">
    <failure type="java.lang.AssertionError" message="expected [title] but found [ACME demo app]">
      <![CDATA[java.lang.AssertionError: expected [title] but found [ACME demo app]
at tests.LoginTest.testValidLogin(LoginTest.java:22)
at java.base/java.util.ArrayList.forEach(ArrayList.java:1596)
... Removed 31 stack frames]]>
    </failure>
  </testcase> <!-- testValidLogin -->
</testsuite> <!-- LoginTests -->
